<?xml version="1.0" encoding="UTF-8"?>
<!-- Generated by org.testng.reporters.JUnitXMLReporter -->
<testsuite ignored="0" hostname="Amit-Rawat" failures="1" tests="1" name="FFTest" time="0.008" errors="0" timestamp="2024-09-12T00:05:23 IST">
  <testcase classname="testCases2.TC001_AccountRegistrationTest" name="verify_account_registration" time="0.004">
    <failure type="java.lang.AssertionError" message="null">
      <![CDATA[java.lang.AssertionError: null
at testCases2.TC001_AccountRegistrationTest.verify_account_registration(TC001_AccountRegistrationTest.java:71)
at java.base/java.util.ArrayList.forEach(ArrayList.java:1511)
... Removed 29 stack frames]]>
    </failure>
  </testcase> <!-- verify_account_registration -->
</testsuite> <!-- FFTest -->
